<?xml version="1.0" encoding="UTF-8"?>
<!-- Generated by org.testng.reporters.JUnitXMLReporter -->
<testsuite hostname="Neha-PC" ignored="0" name="Default test" tests="4" failures="0" timestamp="20 Jun 2021 17:05:39 GMT" time="4.448" errors="0">
  <testcase name="testPage" time="2.93" classname="com.readFile.DataProviderWithExcel"/>
  <testcase name="testPage" time="0.33" classname="com.readFile.DataProviderWithExcel"/>
  <testcase name="testPage" time="0.3" classname="com.readFile.DataProviderWithExcel"/>
  <testcase name="testPage" time="0.237" classname="com.readFile.DataProviderWithExcel"/>
</testsuite> <!-- Default test -->
