<?xml version="1.0" encoding="UTF-8"?>
<testng-results skipped="0" failed="0" ignored="0" total="4" passed="4">
  <reporter-output>
  </reporter-output>
  <suite name="Default suite" duration-ms="4448" started-at="2021-06-20T17:05:34Z" finished-at="2021-06-20T17:05:39Z">
    <groups>
    </groups>
    <test name="Default test" duration-ms="4448" started-at="2021-06-20T17:05:34Z" finished-at="2021-06-20T17:05:39Z">
      <class name="com.readFile.DataProviderWithExcel">
        <test-method status="PASS" signature="OpenPage()[pri:0, instance:com.readFile.DataProviderWithExcel@36d4b5c]" name="OpenPage" is-config="true" duration-ms="12769" started-at="2021-06-20T22:35:21Z" finished-at="2021-06-20T22:35:34Z">
          <reporter-output>
          </reporter-output>
        </test-method> <!-- OpenPage -->
        <test-method status="PASS" signature="testPage(java.lang.String, java.lang.String)[pri:0, instance:com.readFile.DataProviderWithExcel@36d4b5c]" name="testPage" duration-ms="2930" started-at="2021-06-20T22:35:34Z" data-provider="jbk" finished-at="2021-06-20T22:35:37Z">
          <params>
            <param index="0">
              <value>
                <![CDATA[kiran@gmail.com]]>
              </value>
            </param>
            <param index="1">
              <value>
                <![CDATA[123456]]>
              </value>
            </param>
          </params>
          <reporter-output>
          </reporter-output>
        </test-method> <!-- testPage -->
        <test-method status="PASS" signature="testPage(java.lang.String, java.lang.String)[pri:0, instance:com.readFile.DataProviderWithExcel@36d4b5c]" name="testPage" duration-ms="330" started-at="2021-06-20T22:35:37Z" data-provider="jbk" finished-at="2021-06-20T22:35:38Z">
          <params>
            <param index="0">
              <value>
                <![CDATA[nilam@gmail.com]]>
              </value>
            </param>
            <param index="1">
              <value>
                <![CDATA[qwerty]]>
              </value>
            </param>
          </params>
          <reporter-output>
          </reporter-output>
        </test-method> <!-- testPage -->
        <test-method status="PASS" signature="testPage(java.lang.String, java.lang.String)[pri:0, instance:com.readFile.DataProviderWithExcel@36d4b5c]" name="testPage" duration-ms="300" started-at="2021-06-20T22:35:38Z" data-provider="jbk" finished-at="2021-06-20T22:35:38Z">
          <params>
            <param index="0">
              <value>
                <![CDATA[mangesh@gmail.com]]>
              </value>
            </param>
            <param index="1">
              <value>
                <![CDATA[asdfgh]]>
              </value>
            </param>
          </params>
          <reporter-output>
          </reporter-output>
        </test-method> <!-- testPage -->
        <test-method status="PASS" signature="testPage(java.lang.String, java.lang.String)[pri:0, instance:com.readFile.DataProviderWithExcel@36d4b5c]" name="testPage" duration-ms="237" started-at="2021-06-20T22:35:38Z" data-provider="jbk" finished-at="2021-06-20T22:35:38Z">
          <params>
            <param index="0">
              <value>
                <![CDATA[amol@gmail.com]]>
              </value>
            </param>
            <param index="1">
              <value>
                <![CDATA[zxcvb]]>
              </value>
            </param>
          </params>
          <reporter-output>
          </reporter-output>
        </test-method> <!-- testPage -->
        <test-method status="PASS" signature="tearDown()[pri:0, instance:com.readFile.DataProviderWithExcel@36d4b5c]" name="tearDown" is-config="true" duration-ms="462" started-at="2021-06-20T22:35:38Z" finished-at="2021-06-20T22:35:39Z">
          <reporter-output>
          </reporter-output>
        </test-method> <!-- tearDown -->
      </class> <!-- com.readFile.DataProviderWithExcel -->
    </test> <!-- Default test -->
  </suite> <!-- Default suite -->
</testng-results>
